<?xml version="1.0" encoding="UTF-8"?>
<!-- Generated by org.testng.reporters.JUnitReportReporter -->
<testsuite skipped="0" hostname="AAPL054" name="Test1.DB_Con" tests="1" failures="0" timestamp="07 Feb 2018 11:03:12 GMT" time="0.000" errors="0">
  <testcase name="testdata" time="0.000" classname="Test1.DB_Con"/>
</testsuite> <!-- Test1.DB_Con -->
