<?xml version="1.0" encoding="UTF-8"?>
<!-- Generated by org.testng.reporters.JUnitReportReporter -->
<testsuite skipped="0" hostname="AAPL054" name="Test1.Test_TC_001" tests="2" failures="0" timestamp="08 Feb 2018 03:58:43 GMT" time="77.520" errors="0">
  <testcase name="TestRun_2" time="63.532" classname="Test1.Test_TC_001"/>
  <testcase name="TestRun_1" time="13.988" classname="Test1.Test_TC_001"/>
</testsuite> <!-- Test1.Test_TC_001 -->
